Loading JobRight extension from: C:\Users\018316532\AppData\Local\Google\Chrome\User Data\Profile 3\Extensions\odcnpipkhjegpefkfplmedhmkmmhmoko\1.16.0_0
Settling in (human-like browsing)...
No --job-url given - picking feed job #2 on the live feed...
Picked: https://jobright.ai/jobs/info/6a563015e9b77f668bd61be8
Settling in (human-like browsing)...
  [screenshot] runs\apply-demo\20260715T081543Z-700c9e52\01-job-detail-page.png
Tailoring the resume for this job first...
Tailored resume already generated for this job - not regenerating.
Tailored resume ready.
  [screenshot] runs\apply-demo\20260715T081543Z-700c9e52\02-resume-tailored.png
Choosing the PDF download format...
Downloaded the tailored resume (PDF) -> runs\apply-demo\20260715T081543Z-700c9e52\tailored-resume.pdf
Closed the resume drawer via its X.
Clicking Apply...
  trying header APPLY NOW...
Apply opened the application tab (via header APPLY NOW): https://jobs.smartrecruiters.com/oneclick-ui/company/SajixSoftwareSolutionPrivateLimited/publication/34d3a866-0e37-47b5-867d-34354f9f147a?dcr_ci=SajixSoftwareSolutionPrivateLimited&jr_id=6a563015e9b77f668bd61be8
Destination: external_ats (https://jobs.smartrecruiters.com/oneclick-ui/company/SajixSoftwareSolutionPrivateLimited/publication/34d3a866-0e37-47b5-867d-34354f9f147a?dcr_ci=SajixSoftwareSolutionPrivateLimited&jr_id=6a563015e9b77f668bd61be8)
  [screenshot] runs\apply-demo\20260715T081543Z-700c9e52\03-destination-external_ats.png
Settling in (human-like browsing)...
Closed 1 duplicate application tab(s).
Extension autofill triggered via text=/^\s*Autofill\s*$/ (main frame, no effect) - 0 fields changed. Verifying + filling gaps...
  [screenshot] runs\apply-demo\20260715T081543Z-700c9e52\04-after-fill-no_advance_button.png

Fill loop finished: no_advance_button at https://jobs.smartrecruiters.com/oneclick-ui/company/SajixSoftwareSolutionPrivateLimited/publication/34d3a866-0e37-47b5-867d-34354f9f147a?dcr_ci=SajixSoftwareSolutionPrivateLimited&jr_id=6a563015e9b77f668bd61be8
  page 1: filled 0, unresolved required 0
Application data store updated: config\application_data.yaml
Screenshots: runs\apply-demo\20260715T081543Z-700c9e52
AUTO MODE: leaving the browser open 60s for inspection, then closing.
Traceback (most recent call last):
  File "<frozen runpy>", line 198, in _run_module_as_main
  File "<frozen runpy>", line 88, in _run_code
  File "C:\Users\018316532\June\src\executor\run_apply.py", line 948, in <module>
    raise SystemExit(main())
                     ^^^^^^
  File "C:\Users\018316532\June\src\executor\run_apply.py", line 938, in main
    return run_apply(
           ^^^^^^^^^^
  File "C:\Users\018316532\June\src\executor\run_apply.py", line 897, in run_apply
    page.wait_for_timeout(60_000)
  File "C:\Users\018316532\AppData\Roaming\Python\Python311\site-packages\playwright\sync_api\_generated.py", line 12529, in wait_for_timeout
    self._sync(
  File "C:\Users\018316532\AppData\Roaming\Python\Python311\site-packages\playwright\_impl\_sync_base.py", line 115, in _sync
    return task.result()
           ^^^^^^^^^^^^^
  File "C:\Users\018316532\AppData\Roaming\Python\Python311\site-packages\playwright\_impl\_page.py", line 1135, in wait_for_timeout
    await self._main_frame.wait_for_timeout(timeout)
  File "C:\Users\018316532\AppData\Roaming\Python\Python311\site-packages\playwright\_impl\_frame.py", line 916, in wait_for_timeout
    await self._channel.send("waitForTimeout", None, {"waitTimeout": timeout})
  File "C:\Users\018316532\AppData\Roaming\Python\Python311\site-packages\playwright\_impl\_connection.py", line 69, in send
    return await self._connection.wrap_api_call(
           ^^^^^^^^^^^^^^^^^^^^^^^^^^^^^^^^^^^^^
  File "C:\Users\018316532\AppData\Roaming\Python\Python311\site-packages\playwright\_impl\_connection.py", line 563, in wrap_api_call
    raise rewrite_error(error, f"{parsed_st['apiName']}: {error}") from None
playwright._impl._errors.TargetClosedError: Page.wait_for_timeout: Target page, context or browser has been closed
